<?xml version="1.0" encoding="UTF-8"?>
<testsuite xmlns:xsi="http://www.w3.org/2001/XMLSchema-instance" xsi:noNamespaceSchemaLocation="https://maven.apache.org/surefire/maven-surefire-plugin/xsd/surefire-test-report.xsd" version="3.0.2" name="client.util.NetworkUtilTest" time="0.132" tests="3" errors="0" skipped="0" failures="0">
  <properties>
[...]
</properties>
  <testcase name="testDeserializeStreamThrowsInvalidDataExceptionOnBrokenJson" classname="client.util.NetworkUtilTest" time="0.041"/>
  <testcase name="testValidateStatusCode" classname="client.util.NetworkUtilTest" time="0.004"/>
  <testcase name="testSerializeObjectWorks" classname="client.util.NetworkUtilTest" time="0.081"/>
</testsuite>